The system is: Linux - 4.15.0-48-generic - x86_64
Compiling the C compiler identification source file "CMakeCCompilerId.c" succeeded.
Compiler: /usr/bin/cc 
Build flags: 
Id flags: 

The output was:
0


Compilation of the C compiler identification source "CMakeCCompilerId.c" produced "a.out"

The C compiler identification is GNU, found in "/home/cc/cs184/sp19/class/cs184-aci/freeglut-3.0.0/CMakeFiles/3.5.1/CompilerIdC/a.out"

Compiling the CXX compiler identification source file "CMakeCXXCompilerId.cpp" succeeded.
Compiler: /usr/bin/c++ 
Build flags: 
Id flags: 

The output was:
0


Compilation of the CXX compiler identification source "CMakeCXXCompilerId.cpp" produced "a.out"

The CXX compiler identification is GNU, found in "/home/cc/cs184/sp19/class/cs184-aci/freeglut-3.0.0/CMakeFiles/3.5.1/CompilerIdCXX/a.out"

Determining if the C compiler works passed with the following output:
Change Dir: /home/cc/cs184/sp19/class/cs184-aci/freeglut-3.0.0/CMakeFiles/CMakeTmp

Run Build Command:"/usr/bin/make" "cmTC_d1c86/fast"
/usr/bin/make -f CMakeFiles/cmTC_d1c86.dir/build.make CMakeFiles/cmTC_d1c86.dir/build
make[1]: Entering directory '/home/cc/cs184/sp19/class/cs184-aci/freeglut-3.0.0/CMakeFiles/CMakeTmp'
Building C object CMakeFiles/cmTC_d1c86.dir/testCCompiler.c.o
/usr/bin/cc     -o CMakeFiles/cmTC_d1c86.dir/testCCompiler.c.o   -c /home/cc/cs184/sp19/class/cs184-aci/freeglut-3.0.0/CMakeFiles/CMakeTmp/testCCompiler.c
Linking C executable cmTC_d1c86
/usr/bin/cmake -E cmake_link_script CMakeFiles/cmTC_d1c86.dir/link.txt --verbose=1
/usr/bin/cc       CMakeFiles/cmTC_d1c86.dir/testCCompiler.c.o  -o cmTC_d1c86 -rdynamic 
make[1]: Leaving directory '/home/cc/cs184/sp19/class/cs184-aci/freeglut-3.0.0/CMakeFiles/CMakeTmp'


Detecting C compiler ABI info compiled with the following output:
Change Dir: /home/cc/cs184/sp19/class/cs184-aci/freeglut-3.0.0/CMakeFiles/CMakeTmp

Run Build Command:"/usr/bin/make" "cmTC_f6dc3/fast"
/usr/bin/make -f CMakeFiles/cmTC_f6dc3.dir/build.make CMakeFiles/cmTC_f6dc3.dir/build
make[1]: Entering directory '/home/cc/cs184/sp19/class/cs184-aci/freeglut-3.0.0/CMakeFiles/CMakeTmp'
Building C object CMakeFiles/cmTC_f6dc3.dir/CMakeCCompilerABI.c.o
/usr/bin/cc     -o CMakeFiles/cmTC_f6dc3.dir/CMakeCCompilerABI.c.o   -c /usr/share/cmake-3.5/Modules/CMakeCCompilerABI.c
Linking C executable cmTC_f6dc3
/usr/bin/cmake -E cmake_link_script CMakeFiles/cmTC_f6dc3.dir/link.txt --verbose=1
/usr/bin/cc      -v CMakeFiles/cmTC_f6dc3.dir/CMakeCCompilerABI.c.o  -o cmTC_f6dc3 -rdynamic  
Using built-in specs.
COLLECT_GCC=/usr/bin/cc
COLLECT_LTO_WRAPPER=/usr/lib/gcc/x86_64-linux-gnu/5/lto-wrapper
Target: x86_64-linux-gnu
Configured with: ../src/configure -v --with-pkgversion='Ubuntu 5.4.0-6ubuntu1~16.04.11' --with-bugurl=file:///usr/share/doc/gcc-5/README.Bugs --enable-languages=c,ada,c++,java,go,d,fortran,objc,obj-c++ --prefix=/usr --program-suffix=-5 --enable-shared --enable-linker-build-id --libexecdir=/usr/lib --without-included-gettext --enable-threads=posix --libdir=/usr/lib --enable-nls --with-sysroot=/ --enable-clocale=gnu --enable-libstdcxx-debug --enable-libstdcxx-time=yes --with-default-libstdcxx-abi=new --enable-gnu-unique-object --disable-vtable-verify --enable-libmpx --enable-plugin --with-system-zlib --disable-browser-plugin --enable-java-awt=gtk --enable-gtk-cairo --with-java-home=/usr/lib/jvm/java-1.5.0-gcj-5-amd64/jre --enable-java-home --with-jvm-root-dir=/usr/lib/jvm/java-1.5.0-gcj-5-amd64 --with-jvm-jar-dir=/usr/lib/jvm-exports/java-1.5.0-gcj-5-amd64 --with-arch-directory=amd64 --with-ecj-jar=/usr/share/java/eclipse-ecj.jar --enable-objc-gc --enable-multiarch --disable-werror --with-arch-32=i686 --with-abi=m64 --with-multilib-list=m32,m64,mx32 --enable-multilib --with-tune=generic --enable-checking=release --build=x86_64-linux-gnu --host=x86_64-linux-gnu --target=x86_64-linux-gnu
Thread model: posix
gcc version 5.4.0 20160609 (Ubuntu 5.4.0-6ubuntu1~16.04.11) 
COMPILER_PATH=/usr/lib/gcc/x86_64-linux-gnu/5/:/usr/lib/gcc/x86_64-linux-gnu/5/:/usr/lib/gcc/x86_64-linux-gnu/:/usr/lib/gcc/x86_64-linux-gnu/5/:/usr/lib/gcc/x86_64-linux-gnu/
LIBRARY_PATH=/usr/lib/gcc/x86_64-linux-gnu/5/:/usr/lib/gcc/x86_64-linux-gnu/5/../../../x86_64-linux-gnu/:/usr/lib/gcc/x86_64-linux-gnu/5/../../../../lib/:/lib/x86_64-linux-gnu/:/lib/../lib/:/usr/lib/x86_64-linux-gnu/:/usr/lib/../lib/:/usr/lib/gcc/x86_64-linux-gnu/5/../../../:/lib/:/usr/lib/
COLLECT_GCC_OPTIONS='-v' '-o' 'cmTC_f6dc3' '-rdynamic' '-mtune=generic' '-march=x86-64'
 /usr/lib/gcc/x86_64-linux-gnu/5/collect2 -plugin /usr/lib/gcc/x86_64-linux-gnu/5/liblto_plugin.so -plugin-opt=/usr/lib/gcc/x86_64-linux-gnu/5/lto-wrapper -plugin-opt=-fresolution=/tmp/ccYiVISa.res -plugin-opt=-pass-through=-lgcc -plugin-opt=-pass-through=-lgcc_s -plugin-opt=-pass-through=-lc -plugin-opt=-pass-through=-lgcc -plugin-opt=-pass-through=-lgcc_s --sysroot=/ --build-id --eh-frame-hdr -m elf_x86_64 --hash-style=gnu --as-needed -export-dynamic -dynamic-linker /lib64/ld-linux-x86-64.so.2 -z relro -o cmTC_f6dc3 /usr/lib/gcc/x86_64-linux-gnu/5/../../../x86_64-linux-gnu/crt1.o /usr/lib/gcc/x86_64-linux-gnu/5/../../../x86_64-linux-gnu/crti.o /usr/lib/gcc/x86_64-linux-gnu/5/crtbegin.o -L/usr/lib/gcc/x86_64-linux-gnu/5 -L/usr/lib/gcc/x86_64-linux-gnu/5/../../../x86_64-linux-gnu -L/usr/lib/gcc/x86_64-linux-gnu/5/../../../../lib -L/lib/x86_64-linux-gnu -L/lib/../lib -L/usr/lib/x86_64-linux-gnu -L/usr/lib/../lib -L/usr/lib/gcc/x86_64-linux-gnu/5/../../.. CMakeFiles/cmTC_f6dc3.dir/CMakeCCompilerABI.c.o -lgcc --as-needed -lgcc_s --no-as-needed -lc -lgcc --as-needed -lgcc_s --no-as-needed /usr/lib/gcc/x86_64-linux-gnu/5/crtend.o /usr/lib/gcc/x86_64-linux-gnu/5/../../../x86_64-linux-gnu/crtn.o
make[1]: Leaving directory '/home/cc/cs184/sp19/class/cs184-aci/freeglut-3.0.0/CMakeFiles/CMakeTmp'


Parsed C implicit link information from above output:
  link line regex: [^( *|.*[/\])(ld|([^/\]+-)?ld|collect2)[^/\]*( |$)]
  ignore line: [Change Dir: /home/cc/cs184/sp19/class/cs184-aci/freeglut-3.0.0/CMakeFiles/CMakeTmp]
  ignore line: []
  ignore line: [Run Build Command:"/usr/bin/make" "cmTC_f6dc3/fast"]
  ignore line: [/usr/bin/make -f CMakeFiles/cmTC_f6dc3.dir/build.make CMakeFiles/cmTC_f6dc3.dir/build]
  ignore line: [make[1]: Entering directory '/home/cc/cs184/sp19/class/cs184-aci/freeglut-3.0.0/CMakeFiles/CMakeTmp']
  ignore line: [Building C object CMakeFiles/cmTC_f6dc3.dir/CMakeCCompilerABI.c.o]
  ignore line: [/usr/bin/cc     -o CMakeFiles/cmTC_f6dc3.dir/CMakeCCompilerABI.c.o   -c /usr/share/cmake-3.5/Modules/CMakeCCompilerABI.c]
  ignore line: [Linking C executable cmTC_f6dc3]
  ignore line: [/usr/bin/cmake -E cmake_link_script CMakeFiles/cmTC_f6dc3.dir/link.txt --verbose=1]
  ignore line: [/usr/bin/cc      -v CMakeFiles/cmTC_f6dc3.dir/CMakeCCompilerABI.c.o  -o cmTC_f6dc3 -rdynamic  ]
  ignore line: [Using built-in specs.]
  ignore line: [COLLECT_GCC=/usr/bin/cc]
  ignore line: [COLLECT_LTO_WRAPPER=/usr/lib/gcc/x86_64-linux-gnu/5/lto-wrapper]
  ignore line: [Target: x86_64-linux-gnu]
  ignore line: [Configured with: ../src/configure -v --with-pkgversion='Ubuntu 5.4.0-6ubuntu1~16.04.11' --with-bugurl=file:///usr/share/doc/gcc-5/README.Bugs --enable-languages=c,ada,c++,java,go,d,fortran,objc,obj-c++ --prefix=/usr --program-suffix=-5 --enable-shared --enable-linker-build-id --libexecdir=/usr/lib --without-included-gettext --enable-threads=posix --libdir=/usr/lib --enable-nls --with-sysroot=/ --enable-clocale=gnu --enable-libstdcxx-debug --enable-libstdcxx-time=yes --with-default-libstdcxx-abi=new --enable-gnu-unique-object --disable-vtable-verify --enable-libmpx --enable-plugin --with-system-zlib --disable-browser-plugin --enable-java-awt=gtk --enable-gtk-cairo --with-java-home=/usr/lib/jvm/java-1.5.0-gcj-5-amd64/jre --enable-java-home --with-jvm-root-dir=/usr/lib/jvm/java-1.5.0-gcj-5-amd64 --with-jvm-jar-dir=/usr/lib/jvm-exports/java-1.5.0-gcj-5-amd64 --with-arch-directory=amd64 --with-ecj-jar=/usr/share/java/eclipse-ecj.jar --enable-objc-gc --enable-multiarch --disable-werror --with-arch-32=i686 --with-abi=m64 --with-multilib-list=m32,m64,mx32 --enable-multilib --with-tune=generic --enable-checking=release --build=x86_64-linux-gnu --host=x86_64-linux-gnu --target=x86_64-linux-gnu]
  ignore line: [Thread model: posix]
  ignore line: [gcc version 5.4.0 20160609 (Ubuntu 5.4.0-6ubuntu1~16.04.11) ]
  ignore line: [COMPILER_PATH=/usr/lib/gcc/x86_64-linux-gnu/5/:/usr/lib/gcc/x86_64-linux-gnu/5/:/usr/lib/gcc/x86_64-linux-gnu/:/usr/lib/gcc/x86_64-linux-gnu/5/:/usr/lib/gcc/x86_64-linux-gnu/]
  ignore line: [LIBRARY_PATH=/usr/lib/gcc/x86_64-linux-gnu/5/:/usr/lib/gcc/x86_64-linux-gnu/5/../../../x86_64-linux-gnu/:/usr/lib/gcc/x86_64-linux-gnu/5/../../../../lib/:/lib/x86_64-linux-gnu/:/lib/../lib/:/usr/lib/x86_64-linux-gnu/:/usr/lib/../lib/:/usr/lib/gcc/x86_64-linux-gnu/5/../../../:/lib/:/usr/lib/]
  ignore line: [COLLECT_GCC_OPTIONS='-v' '-o' 'cmTC_f6dc3' '-rdynamic' '-mtune=generic' '-march=x86-64']
  link line: [ /usr/lib/gcc/x86_64-linux-gnu/5/collect2 -plugin /usr/lib/gcc/x86_64-linux-gnu/5/liblto_plugin.so -plugin-opt=/usr/lib/gcc/x86_64-linux-gnu/5/lto-wrapper -plugin-opt=-fresolution=/tmp/ccYiVISa.res -plugin-opt=-pass-through=-lgcc -plugin-opt=-pass-through=-lgcc_s -plugin-opt=-pass-through=-lc -plugin-opt=-pass-through=-lgcc -plugin-opt=-pass-through=-lgcc_s --sysroot=/ --build-id --eh-frame-hdr -m elf_x86_64 --hash-style=gnu --as-needed -export-dynamic -dynamic-linker /lib64/ld-linux-x86-64.so.2 -z relro -o cmTC_f6dc3 /usr/lib/gcc/x86_64-linux-gnu/5/../../../x86_64-linux-gnu/crt1.o /usr/lib/gcc/x86_64-linux-gnu/5/../../../x86_64-linux-gnu/crti.o /usr/lib/gcc/x86_64-linux-gnu/5/crtbegin.o -L/usr/lib/gcc/x86_64-linux-gnu/5 -L/usr/lib/gcc/x86_64-linux-gnu/5/../../../x86_64-linux-gnu -L/usr/lib/gcc/x86_64-linux-gnu/5/../../../../lib -L/lib/x86_64-linux-gnu -L/lib/../lib -L/usr/lib/x86_64-linux-gnu -L/usr/lib/../lib -L/usr/lib/gcc/x86_64-linux-gnu/5/../../.. CMakeFiles/cmTC_f6dc3.dir/CMakeCCompilerABI.c.o -lgcc --as-needed -lgcc_s --no-as-needed -lc -lgcc --as-needed -lgcc_s --no-as-needed /usr/lib/gcc/x86_64-linux-gnu/5/crtend.o /usr/lib/gcc/x86_64-linux-gnu/5/../../../x86_64-linux-gnu/crtn.o]
    arg [/usr/lib/gcc/x86_64-linux-gnu/5/collect2] ==> ignore
    arg [-plugin] ==> ignore
    arg [/usr/lib/gcc/x86_64-linux-gnu/5/liblto_plugin.so] ==> ignore
    arg [-plugin-opt=/usr/lib/gcc/x86_64-linux-gnu/5/lto-wrapper] ==> ignore
    arg [-plugin-opt=-fresolution=/tmp/ccYiVISa.res] ==> ignore
    arg [-plugin-opt=-pass-through=-lgcc] ==> ignore
    arg [-plugin-opt=-pass-through=-lgcc_s] ==> ignore
    arg [-plugin-opt=-pass-through=-lc] ==> ignore
    arg [-plugin-opt=-pass-through=-lgcc] ==> ignore
    arg [-plugin-opt=-pass-through=-lgcc_s] ==> ignore
    arg [--sysroot=/] ==> ignore
    arg [--build-id] ==> ignore
    arg [--eh-frame-hdr] ==> ignore
    arg [-m] ==> ignore
    arg [elf_x86_64] ==> ignore
    arg [--hash-style=gnu] ==> ignore
    arg [--as-needed] ==> ignore
    arg [-export-dynamic] ==> ignore
    arg [-dynamic-linker] ==> ignore
    arg [/lib64/ld-linux-x86-64.so.2] ==> ignore
    arg [-zrelro] ==> ignore
    arg [-o] ==> ignore
    arg [cmTC_f6dc3] ==> ignore
    arg [/usr/lib/gcc/x86_64-linux-gnu/5/../../../x86_64-linux-gnu/crt1.o] ==> ignore
    arg [/usr/lib/gcc/x86_64-linux-gnu/5/../../../x86_64-linux-gnu/crti.o] ==> ignore
    arg [/usr/lib/gcc/x86_64-linux-gnu/5/crtbegin.o] ==> ignore
    arg [-L/usr/lib/gcc/x86_64-linux-gnu/5] ==> dir [/usr/lib/gcc/x86_64-linux-gnu/5]
    arg [-L/usr/lib/gcc/x86_64-linux-gnu/5/../../../x86_64-linux-gnu] ==> dir [/usr/lib/gcc/x86_64-linux-gnu/5/../../../x86_64-linux-gnu]
    arg [-L/usr/lib/gcc/x86_64-linux-gnu/5/../../../../lib] ==> dir [/usr/lib/gcc/x86_64-linux-gnu/5/../../../../lib]
    arg [-L/lib/x86_64-linux-gnu] ==> dir [/lib/x86_64-linux-gnu]
    arg [-L/lib/../lib] ==> dir [/lib/../lib]
    arg [-L/usr/lib/x86_64-linux-gnu] ==> dir [/usr/lib/x86_64-linux-gnu]
    arg [-L/usr/lib/../lib] ==> dir [/usr/lib/../lib]
    arg [-L/usr/lib/gcc/x86_64-linux-gnu/5/../../..] ==> dir [/usr/lib/gcc/x86_64-linux-gnu/5/../../..]
    arg [CMakeFiles/cmTC_f6dc3.dir/CMakeCCompilerABI.c.o] ==> ignore
    arg [-lgcc] ==> lib [gcc]
    arg [--as-needed] ==> ignore
    arg [-lgcc_s] ==> lib [gcc_s]
    arg [--no-as-needed] ==> ignore
    arg [-lc] ==> lib [c]
    arg [-lgcc] ==> lib [gcc]
    arg [--as-needed] ==> ignore
    arg [-lgcc_s] ==> lib [gcc_s]
    arg [--no-as-needed] ==> ignore
    arg [/usr/lib/gcc/x86_64-linux-gnu/5/crtend.o] ==> ignore
    arg [/usr/lib/gcc/x86_64-linux-gnu/5/../../../x86_64-linux-gnu/crtn.o] ==> ignore
  remove lib [gcc]
  remove lib [gcc_s]
  remove lib [gcc]
  remove lib [gcc_s]
  collapse library dir [/usr/lib/gcc/x86_64-linux-gnu/5] ==> [/usr/lib/gcc/x86_64-linux-gnu/5]
  collapse library dir [/usr/lib/gcc/x86_64-linux-gnu/5/../../../x86_64-linux-gnu] ==> [/usr/lib/x86_64-linux-gnu]
  collapse library dir [/usr/lib/gcc/x86_64-linux-gnu/5/../../../../lib] ==> [/usr/lib]
  collapse library dir [/lib/x86_64-linux-gnu] ==> [/lib/x86_64-linux-gnu]
  collapse library dir [/lib/../lib] ==> [/lib]
  collapse library dir [/usr/lib/x86_64-linux-gnu] ==> [/usr/lib/x86_64-linux-gnu]
  collapse library dir [/usr/lib/../lib] ==> [/usr/lib]
  collapse library dir [/usr/lib/gcc/x86_64-linux-gnu/5/../../..] ==> [/usr/lib]
  implicit libs: [c]
  implicit dirs: [/usr/lib/gcc/x86_64-linux-gnu/5;/usr/lib/x86_64-linux-gnu;/usr/lib;/lib/x86_64-linux-gnu;/lib]
  implicit fwks: []




Detecting C [-std=c11] compiler features compiled with the following output:
Change Dir: /home/cc/cs184/sp19/class/cs184-aci/freeglut-3.0.0/CMakeFiles/CMakeTmp

Run Build Command:"/usr/bin/make" "cmTC_c4759/fast"
/usr/bin/make -f CMakeFiles/cmTC_c4759.dir/build.make CMakeFiles/cmTC_c4759.dir/build
make[1]: Entering directory '/home/cc/cs184/sp19/class/cs184-aci/freeglut-3.0.0/CMakeFiles/CMakeTmp'
Building C object CMakeFiles/cmTC_c4759.dir/feature_tests.c.o
/usr/bin/cc    -std=c11 -o CMakeFiles/cmTC_c4759.dir/feature_tests.c.o   -c /home/cc/cs184/sp19/class/cs184-aci/freeglut-3.0.0/CMakeFiles/feature_tests.c
Linking C executable cmTC_c4759
/usr/bin/cmake -E cmake_link_script CMakeFiles/cmTC_c4759.dir/link.txt --verbose=1
/usr/bin/cc       CMakeFiles/cmTC_c4759.dir/feature_tests.c.o  -o cmTC_c4759 -rdynamic 
make[1]: Leaving directory '/home/cc/cs184/sp19/class/cs184-aci/freeglut-3.0.0/CMakeFiles/CMakeTmp'


    Feature record: C_FEATURE:1c_function_prototypes
    Feature record: C_FEATURE:1c_restrict
    Feature record: C_FEATURE:1c_static_assert
    Feature record: C_FEATURE:1c_variadic_macros


Detecting C [-std=c99] compiler features compiled with the following output:
Change Dir: /home/cc/cs184/sp19/class/cs184-aci/freeglut-3.0.0/CMakeFiles/CMakeTmp

Run Build Command:"/usr/bin/make" "cmTC_6fc71/fast"
/usr/bin/make -f CMakeFiles/cmTC_6fc71.dir/build.make CMakeFiles/cmTC_6fc71.dir/build
make[1]: Entering directory '/home/cc/cs184/sp19/class/cs184-aci/freeglut-3.0.0/CMakeFiles/CMakeTmp'
Building C object CMakeFiles/cmTC_6fc71.dir/feature_tests.c.o
/usr/bin/cc    -std=c99 -o CMakeFiles/cmTC_6fc71.dir/feature_tests.c.o   -c /home/cc/cs184/sp19/class/cs184-aci/freeglut-3.0.0/CMakeFiles/feature_tests.c
Linking C executable cmTC_6fc71
/usr/bin/cmake -E cmake_link_script CMakeFiles/cmTC_6fc71.dir/link.txt --verbose=1
/usr/bin/cc       CMakeFiles/cmTC_6fc71.dir/feature_tests.c.o  -o cmTC_6fc71 -rdynamic 
make[1]: Leaving directory '/home/cc/cs184/sp19/class/cs184-aci/freeglut-3.0.0/CMakeFiles/CMakeTmp'


    Feature record: C_FEATURE:1c_function_prototypes
    Feature record: C_FEATURE:1c_restrict
    Feature record: C_FEATURE:0c_static_assert
    Feature record: C_FEATURE:1c_variadic_macros


Detecting C [-std=c90] compiler features compiled with the following output:
Change Dir: /home/cc/cs184/sp19/class/cs184-aci/freeglut-3.0.0/CMakeFiles/CMakeTmp

Run Build Command:"/usr/bin/make" "cmTC_1ad80/fast"
/usr/bin/make -f CMakeFiles/cmTC_1ad80.dir/build.make CMakeFiles/cmTC_1ad80.dir/build
make[1]: Entering directory '/home/cc/cs184/sp19/class/cs184-aci/freeglut-3.0.0/CMakeFiles/CMakeTmp'
Building C object CMakeFiles/cmTC_1ad80.dir/feature_tests.c.o
/usr/bin/cc    -std=c90 -o CMakeFiles/cmTC_1ad80.dir/feature_tests.c.o   -c /home/cc/cs184/sp19/class/cs184-aci/freeglut-3.0.0/CMakeFiles/feature_tests.c
Linking C executable cmTC_1ad80
/usr/bin/cmake -E cmake_link_script CMakeFiles/cmTC_1ad80.dir/link.txt --verbose=1
/usr/bin/cc       CMakeFiles/cmTC_1ad80.dir/feature_tests.c.o  -o cmTC_1ad80 -rdynamic 
make[1]: Leaving directory '/home/cc/cs184/sp19/class/cs184-aci/freeglut-3.0.0/CMakeFiles/CMakeTmp'


    Feature record: C_FEATURE:1c_function_prototypes
    Feature record: C_FEATURE:0c_restrict
    Feature record: C_FEATURE:0c_static_assert
    Feature record: C_FEATURE:0c_variadic_macros
Determining if the CXX compiler works passed with the following output:
Change Dir: /home/cc/cs184/sp19/class/cs184-aci/freeglut-3.0.0/CMakeFiles/CMakeTmp

Run Build Command:"/usr/bin/make" "cmTC_71463/fast"
/usr/bin/make -f CMakeFiles/cmTC_71463.dir/build.make CMakeFiles/cmTC_71463.dir/build
make[1]: Entering directory '/home/cc/cs184/sp19/class/cs184-aci/freeglut-3.0.0/CMakeFiles/CMakeTmp'
Building CXX object CMakeFiles/cmTC_71463.dir/testCXXCompiler.cxx.o
/usr/bin/c++      -o CMakeFiles/cmTC_71463.dir/testCXXCompiler.cxx.o -c /home/cc/cs184/sp19/class/cs184-aci/freeglut-3.0.0/CMakeFiles/CMakeTmp/testCXXCompiler.cxx
Linking CXX executable cmTC_71463
/usr/bin/cmake -E cmake_link_script CMakeFiles/cmTC_71463.dir/link.txt --verbose=1
/usr/bin/c++        CMakeFiles/cmTC_71463.dir/testCXXCompiler.cxx.o  -o cmTC_71463 -rdynamic 
make[1]: Leaving directory '/home/cc/cs184/sp19/class/cs184-aci/freeglut-3.0.0/CMakeFiles/CMakeTmp'


Detecting CXX compiler ABI info compiled with the following output:
Change Dir: /home/cc/cs184/sp19/class/cs184-aci/freeglut-3.0.0/CMakeFiles/CMakeTmp

Run Build Command:"/usr/bin/make" "cmTC_5e8ea/fast"
/usr/bin/make -f CMakeFiles/cmTC_5e8ea.dir/build.make CMakeFiles/cmTC_5e8ea.dir/build
make[1]: Entering directory '/home/cc/cs184/sp19/class/cs184-aci/freeglut-3.0.0/CMakeFiles/CMakeTmp'
Building CXX object CMakeFiles/cmTC_5e8ea.dir/CMakeCXXCompilerABI.cpp.o
/usr/bin/c++      -o CMakeFiles/cmTC_5e8ea.dir/CMakeCXXCompilerABI.cpp.o -c /usr/share/cmake-3.5/Modules/CMakeCXXCompilerABI.cpp
Linking CXX executable cmTC_5e8ea
/usr/bin/cmake -E cmake_link_script CMakeFiles/cmTC_5e8ea.dir/link.txt --verbose=1
/usr/bin/c++       -v CMakeFiles/cmTC_5e8ea.dir/CMakeCXXCompilerABI.cpp.o  -o cmTC_5e8ea -rdynamic  
Using built-in specs.
COLLECT_GCC=/usr/bin/c++
COLLECT_LTO_WRAPPER=/usr/lib/gcc/x86_64-linux-gnu/5/lto-wrapper
Target: x86_64-linux-gnu
Configured with: ../src/configure -v --with-pkgversion='Ubuntu 5.4.0-6ubuntu1~16.04.11' --with-bugurl=file:///usr/share/doc/gcc-5/README.Bugs --enable-languages=c,ada,c++,java,go,d,fortran,objc,obj-c++ --prefix=/usr --program-suffix=-5 --enable-shared --enable-linker-build-id --libexecdir=/usr/lib --without-included-gettext --enable-threads=posix --libdir=/usr/lib --enable-nls --with-sysroot=/ --enable-clocale=gnu --enable-libstdcxx-debug --enable-libstdcxx-time=yes --with-default-libstdcxx-abi=new --enable-gnu-unique-object --disable-vtable-verify --enable-libmpx --enable-plugin --with-system-zlib --disable-browser-plugin --enable-java-awt=gtk --enable-gtk-cairo --with-java-home=/usr/lib/jvm/java-1.5.0-gcj-5-amd64/jre --enable-java-home --with-jvm-root-dir=/usr/lib/jvm/java-1.5.0-gcj-5-amd64 --with-jvm-jar-dir=/usr/lib/jvm-exports/java-1.5.0-gcj-5-amd64 --with-arch-directory=amd64 --with-ecj-jar=/usr/share/java/eclipse-ecj.jar --enable-objc-gc --enable-multiarch --disable-werror --with-arch-32=i686 --with-abi=m64 --with-multilib-list=m32,m64,mx32 --enable-multilib --with-tune=generic --enable-checking=release --build=x86_64-linux-gnu --host=x86_64-linux-gnu --target=x86_64-linux-gnu
Thread model: posix
gcc version 5.4.0 20160609 (Ubuntu 5.4.0-6ubuntu1~16.04.11) 
COMPILER_PATH=/usr/lib/gcc/x86_64-linux-gnu/5/:/usr/lib/gcc/x86_64-linux-gnu/5/:/usr/lib/gcc/x86_64-linux-gnu/:/usr/lib/gcc/x86_64-linux-gnu/5/:/usr/lib/gcc/x86_64-linux-gnu/
LIBRARY_PATH=/usr/lib/gcc/x86_64-linux-gnu/5/:/usr/lib/gcc/x86_64-linux-gnu/5/../../../x86_64-linux-gnu/:/usr/lib/gcc/x86_64-linux-gnu/5/../../../../lib/:/lib/x86_64-linux-gnu/:/lib/../lib/:/usr/lib/x86_64-linux-gnu/:/usr/lib/../lib/:/usr/lib/gcc/x86_64-linux-gnu/5/../../../:/lib/:/usr/lib/
COLLECT_GCC_OPTIONS='-v' '-o' 'cmTC_5e8ea' '-rdynamic' '-shared-libgcc' '-mtune=generic' '-march=x86-64'
 /usr/lib/gcc/x86_64-linux-gnu/5/collect2 -plugin /usr/lib/gcc/x86_64-linux-gnu/5/liblto_plugin.so -plugin-opt=/usr/lib/gcc/x86_64-linux-gnu/5/lto-wrapper -plugin-opt=-fresolution=/tmp/ccJmaIoA.res -plugin-opt=-pass-through=-lgcc_s -plugin-opt=-pass-through=-lgcc -plugin-opt=-pass-through=-lc -plugin-opt=-pass-through=-lgcc_s -plugin-opt=-pass-through=-lgcc --sysroot=/ --build-id --eh-frame-hdr -m elf_x86_64 --hash-style=gnu --as-needed -export-dynamic -dynamic-linker /lib64/ld-linux-x86-64.so.2 -z relro -o cmTC_5e8ea /usr/lib/gcc/x86_64-linux-gnu/5/../../../x86_64-linux-gnu/crt1.o /usr/lib/gcc/x86_64-linux-gnu/5/../../../x86_64-linux-gnu/crti.o /usr/lib/gcc/x86_64-linux-gnu/5/crtbegin.o -L/usr/lib/gcc/x86_64-linux-gnu/5 -L/usr/lib/gcc/x86_64-linux-gnu/5/../../../x86_64-linux-gnu -L/usr/lib/gcc/x86_64-linux-gnu/5/../../../../lib -L/lib/x86_64-linux-gnu -L/lib/../lib -L/usr/lib/x86_64-linux-gnu -L/usr/lib/../lib -L/usr/lib/gcc/x86_64-linux-gnu/5/../../.. CMakeFiles/cmTC_5e8ea.dir/CMakeCXXCompilerABI.cpp.o -lstdc++ -lm -lgcc_s -lgcc -lc -lgcc_s -lgcc /usr/lib/gcc/x86_64-linux-gnu/5/crtend.o /usr/lib/gcc/x86_64-linux-gnu/5/../../../x86_64-linux-gnu/crtn.o
make[1]: Leaving directory '/home/cc/cs184/sp19/class/cs184-aci/freeglut-3.0.0/CMakeFiles/CMakeTmp'


Parsed CXX implicit link information from above output:
  link line regex: [^( *|.*[/\])(ld|([^/\]+-)?ld|collect2)[^/\]*( |$)]
  ignore line: [Change Dir: /home/cc/cs184/sp19/class/cs184-aci/freeglut-3.0.0/CMakeFiles/CMakeTmp]
  ignore line: []
  ignore line: [Run Build Command:"/usr/bin/make" "cmTC_5e8ea/fast"]
  ignore line: [/usr/bin/make -f CMakeFiles/cmTC_5e8ea.dir/build.make CMakeFiles/cmTC_5e8ea.dir/build]
  ignore line: [make[1]: Entering directory '/home/cc/cs184/sp19/class/cs184-aci/freeglut-3.0.0/CMakeFiles/CMakeTmp']
  ignore line: [Building CXX object CMakeFiles/cmTC_5e8ea.dir/CMakeCXXCompilerABI.cpp.o]
  ignore line: [/usr/bin/c++      -o CMakeFiles/cmTC_5e8ea.dir/CMakeCXXCompilerABI.cpp.o -c /usr/share/cmake-3.5/Modules/CMakeCXXCompilerABI.cpp]
  ignore line: [Linking CXX executable cmTC_5e8ea]
  ignore line: [/usr/bin/cmake -E cmake_link_script CMakeFiles/cmTC_5e8ea.dir/link.txt --verbose=1]
  ignore line: [/usr/bin/c++       -v CMakeFiles/cmTC_5e8ea.dir/CMakeCXXCompilerABI.cpp.o  -o cmTC_5e8ea -rdynamic  ]
  ignore line: [Using built-in specs.]
  ignore line: [COLLECT_GCC=/usr/bin/c++]
  ignore line: [COLLECT_LTO_WRAPPER=/usr/lib/gcc/x86_64-linux-gnu/5/lto-wrapper]
  ignore line: [Target: x86_64-linux-gnu]
  ignore line: [Configured with: ../src/configure -v --with-pkgversion='Ubuntu 5.4.0-6ubuntu1~16.04.11' --with-bugurl=file:///usr/share/doc/gcc-5/README.Bugs --enable-languages=c,ada,c++,java,go,d,fortran,objc,obj-c++ --prefix=/usr --program-suffix=-5 --enable-shared --enable-linker-build-id --libexecdir=/usr/lib --without-included-gettext --enable-threads=posix --libdir=/usr/lib --enable-nls --with-sysroot=/ --enable-clocale=gnu --enable-libstdcxx-debug --enable-libstdcxx-time=yes --with-default-libstdcxx-abi=new --enable-gnu-unique-object --disable-vtable-verify --enable-libmpx --enable-plugin --with-system-zlib --disable-browser-plugin --enable-java-awt=gtk --enable-gtk-cairo --with-java-home=/usr/lib/jvm/java-1.5.0-gcj-5-amd64/jre --enable-java-home --with-jvm-root-dir=/usr/lib/jvm/java-1.5.0-gcj-5-amd64 --with-jvm-jar-dir=/usr/lib/jvm-exports/java-1.5.0-gcj-5-amd64 --with-arch-directory=amd64 --with-ecj-jar=/usr/share/java/eclipse-ecj.jar --enable-objc-gc --enable-multiarch --disable-werror --with-arch-32=i686 --with-abi=m64 --with-multilib-list=m32,m64,mx32 --enable-multilib --with-tune=generic --enable-checking=release --build=x86_64-linux-gnu --host=x86_64-linux-gnu --target=x86_64-linux-gnu]
  ignore line: [Thread model: posix]
  ignore line: [gcc version 5.4.0 20160609 (Ubuntu 5.4.0-6ubuntu1~16.04.11) ]
  ignore line: [COMPILER_PATH=/usr/lib/gcc/x86_64-linux-gnu/5/:/usr/lib/gcc/x86_64-linux-gnu/5/:/usr/lib/gcc/x86_64-linux-gnu/:/usr/lib/gcc/x86_64-linux-gnu/5/:/usr/lib/gcc/x86_64-linux-gnu/]
  ignore line: [LIBRARY_PATH=/usr/lib/gcc/x86_64-linux-gnu/5/:/usr/lib/gcc/x86_64-linux-gnu/5/../../../x86_64-linux-gnu/:/usr/lib/gcc/x86_64-linux-gnu/5/../../../../lib/:/lib/x86_64-linux-gnu/:/lib/../lib/:/usr/lib/x86_64-linux-gnu/:/usr/lib/../lib/:/usr/lib/gcc/x86_64-linux-gnu/5/../../../:/lib/:/usr/lib/]
  ignore line: [COLLECT_GCC_OPTIONS='-v' '-o' 'cmTC_5e8ea' '-rdynamic' '-shared-libgcc' '-mtune=generic' '-march=x86-64']
  link line: [ /usr/lib/gcc/x86_64-linux-gnu/5/collect2 -plugin /usr/lib/gcc/x86_64-linux-gnu/5/liblto_plugin.so -plugin-opt=/usr/lib/gcc/x86_64-linux-gnu/5/lto-wrapper -plugin-opt=-fresolution=/tmp/ccJmaIoA.res -plugin-opt=-pass-through=-lgcc_s -plugin-opt=-pass-through=-lgcc -plugin-opt=-pass-through=-lc -plugin-opt=-pass-through=-lgcc_s -plugin-opt=-pass-through=-lgcc --sysroot=/ --build-id --eh-frame-hdr -m elf_x86_64 --hash-style=gnu --as-needed -export-dynamic -dynamic-linker /lib64/ld-linux-x86-64.so.2 -z relro -o cmTC_5e8ea /usr/lib/gcc/x86_64-linux-gnu/5/../../../x86_64-linux-gnu/crt1.o /usr/lib/gcc/x86_64-linux-gnu/5/../../../x86_64-linux-gnu/crti.o /usr/lib/gcc/x86_64-linux-gnu/5/crtbegin.o -L/usr/lib/gcc/x86_64-linux-gnu/5 -L/usr/lib/gcc/x86_64-linux-gnu/5/../../../x86_64-linux-gnu -L/usr/lib/gcc/x86_64-linux-gnu/5/../../../../lib -L/lib/x86_64-linux-gnu -L/lib/../lib -L/usr/lib/x86_64-linux-gnu -L/usr/lib/../lib -L/usr/lib/gcc/x86_64-linux-gnu/5/../../.. CMakeFiles/cmTC_5e8ea.dir/CMakeCXXCompilerABI.cpp.o -lstdc++ -lm -lgcc_s -lgcc -lc -lgcc_s -lgcc /usr/lib/gcc/x86_64-linux-gnu/5/crtend.o /usr/lib/gcc/x86_64-linux-gnu/5/../../../x86_64-linux-gnu/crtn.o]
    arg [/usr/lib/gcc/x86_64-linux-gnu/5/collect2] ==> ignore
    arg [-plugin] ==> ignore
    arg [/usr/lib/gcc/x86_64-linux-gnu/5/liblto_plugin.so] ==> ignore
    arg [-plugin-opt=/usr/lib/gcc/x86_64-linux-gnu/5/lto-wrapper] ==> ignore
    arg [-plugin-opt=-fresolution=/tmp/ccJmaIoA.res] ==> ignore
    arg [-plugin-opt=-pass-through=-lgcc_s] ==> ignore
    arg [-plugin-opt=-pass-through=-lgcc] ==> ignore
    arg [-plugin-opt=-pass-through=-lc] ==> ignore
    arg [-plugin-opt=-pass-through=-lgcc_s] ==> ignore
    arg [-plugin-opt=-pass-through=-lgcc] ==> ignore
    arg [--sysroot=/] ==> ignore
    arg [--build-id] ==> ignore
    arg [--eh-frame-hdr] ==> ignore
    arg [-m] ==> ignore
    arg [elf_x86_64] ==> ignore
    arg [--hash-style=gnu] ==> ignore
    arg [--as-needed] ==> ignore
    arg [-export-dynamic] ==> ignore
    arg [-dynamic-linker] ==> ignore
    arg [/lib64/ld-linux-x86-64.so.2] ==> ignore
    arg [-zrelro] ==> ignore
    arg [-o] ==> ignore
    arg [cmTC_5e8ea] ==> ignore
    arg [/usr/lib/gcc/x86_64-linux-gnu/5/../../../x86_64-linux-gnu/crt1.o] ==> ignore
    arg [/usr/lib/gcc/x86_64-linux-gnu/5/../../../x86_64-linux-gnu/crti.o] ==> ignore
    arg [/usr/lib/gcc/x86_64-linux-gnu/5/crtbegin.o] ==> ignore
    arg [-L/usr/lib/gcc/x86_64-linux-gnu/5] ==> dir [/usr/lib/gcc/x86_64-linux-gnu/5]
    arg [-L/usr/lib/gcc/x86_64-linux-gnu/5/../../../x86_64-linux-gnu] ==> dir [/usr/lib/gcc/x86_64-linux-gnu/5/../../../x86_64-linux-gnu]
    arg [-L/usr/lib/gcc/x86_64-linux-gnu/5/../../../../lib] ==> dir [/usr/lib/gcc/x86_64-linux-gnu/5/../../../../lib]
    arg [-L/lib/x86_64-linux-gnu] ==> dir [/lib/x86_64-linux-gnu]
    arg [-L/lib/../lib] ==> dir [/lib/../lib]
    arg [-L/usr/lib/x86_64-linux-gnu] ==> dir [/usr/lib/x86_64-linux-gnu]
    arg [-L/usr/lib/../lib] ==> dir [/usr/lib/../lib]
    arg [-L/usr/lib/gcc/x86_64-linux-gnu/5/../../..] ==> dir [/usr/lib/gcc/x86_64-linux-gnu/5/../../..]
    arg [CMakeFiles/cmTC_5e8ea.dir/CMakeCXXCompilerABI.cpp.o] ==> ignore
    arg [-lstdc++] ==> lib [stdc++]
    arg [-lm] ==> lib [m]
    arg [-lgcc_s] ==> lib [gcc_s]
    arg [-lgcc] ==> lib [gcc]
    arg [-lc] ==> lib [c]
    arg [-lgcc_s] ==> lib [gcc_s]
    arg [-lgcc] ==> lib [gcc]
    arg [/usr/lib/gcc/x86_64-linux-gnu/5/crtend.o] ==> ignore
    arg [/usr/lib/gcc/x86_64-linux-gnu/5/../../../x86_64-linux-gnu/crtn.o] ==> ignore
  remove lib [gcc_s]
  remove lib [gcc]
  remove lib [gcc_s]
  remove lib [gcc]
  collapse library dir [/usr/lib/gcc/x86_64-linux-gnu/5] ==> [/usr/lib/gcc/x86_64-linux-gnu/5]
  collapse library dir [/usr/lib/gcc/x86_64-linux-gnu/5/../../../x86_64-linux-gnu] ==> [/usr/lib/x86_64-linux-gnu]
  collapse library dir [/usr/lib/gcc/x86_64-linux-gnu/5/../../../../lib] ==> [/usr/lib]
  collapse library dir [/lib/x86_64-linux-gnu] ==> [/lib/x86_64-linux-gnu]
  collapse library dir [/lib/../lib] ==> [/lib]
  collapse library dir [/usr/lib/x86_64-linux-gnu] ==> [/usr/lib/x86_64-linux-gnu]
  collapse library dir [/usr/lib/../lib] ==> [/usr/lib]
  collapse library dir [/usr/lib/gcc/x86_64-linux-gnu/5/../../..] ==> [/usr/lib]
  implicit libs: [stdc++;m;c]
  implicit dirs: [/usr/lib/gcc/x86_64-linux-gnu/5;/usr/lib/x86_64-linux-gnu;/usr/lib;/lib/x86_64-linux-gnu;/lib]
  implicit fwks: []




Detecting CXX [-std=c++14] compiler features compiled with the following output:
Change Dir: /home/cc/cs184/sp19/class/cs184-aci/freeglut-3.0.0/CMakeFiles/CMakeTmp

Run Build Command:"/usr/bin/make" "cmTC_060b0/fast"
/usr/bin/make -f CMakeFiles/cmTC_060b0.dir/build.make CMakeFiles/cmTC_060b0.dir/build
make[1]: Entering directory '/home/cc/cs184/sp19/class/cs184-aci/freeglut-3.0.0/CMakeFiles/CMakeTmp'
Building CXX object CMakeFiles/cmTC_060b0.dir/feature_tests.cxx.o
/usr/bin/c++     -std=c++14 -o CMakeFiles/cmTC_060b0.dir/feature_tests.cxx.o -c /home/cc/cs184/sp19/class/cs184-aci/freeglut-3.0.0/CMakeFiles/feature_tests.cxx
Linking CXX executable cmTC_060b0
/usr/bin/cmake -E cmake_link_script CMakeFiles/cmTC_060b0.dir/link.txt --verbose=1
/usr/bin/c++        CMakeFiles/cmTC_060b0.dir/feature_tests.cxx.o  -o cmTC_060b0 -rdynamic 
make[1]: Leaving directory '/home/cc/cs184/sp19/class/cs184-aci/freeglut-3.0.0/CMakeFiles/CMakeTmp'


    Feature record: CXX_FEATURE:1cxx_aggregate_default_initializers
    Feature record: CXX_FEATURE:1cxx_alias_templates
    Feature record: CXX_FEATURE:1cxx_alignas
    Feature record: CXX_FEATURE:1cxx_alignof
    Feature record: CXX_FEATURE:1cxx_attributes
    Feature record: CXX_FEATURE:1cxx_attribute_deprecated
    Feature record: CXX_FEATURE:1cxx_auto_type
    Feature record: CXX_FEATURE:1cxx_binary_literals
    Feature record: CXX_FEATURE:1cxx_constexpr
    Feature record: CXX_FEATURE:1cxx_contextual_conversions
    Feature record: CXX_FEATURE:1cxx_decltype
    Feature record: CXX_FEATURE:1cxx_decltype_auto
    Feature record: CXX_FEATURE:1cxx_decltype_incomplete_return_types
    Feature record: CXX_FEATURE:1cxx_default_function_template_args
    Feature record: CXX_FEATURE:1cxx_defaulted_functions
    Feature record: CXX_FEATURE:1cxx_defaulted_move_initializers
    Feature record: CXX_FEATURE:1cxx_delegating_constructors
    Feature record: CXX_FEATURE:1cxx_deleted_functions
    Feature record: CXX_FEATURE:1cxx_digit_separators
    Feature record: CXX_FEATURE:1cxx_enum_forward_declarations
    Feature record: CXX_FEATURE:1cxx_explicit_conversions
    Feature record: CXX_FEATURE:1cxx_extended_friend_declarations
    Feature record: CXX_FEATURE:1cxx_extern_templates
    Feature record: CXX_FEATURE:1cxx_final
    Feature record: CXX_FEATURE:1cxx_func_identifier
    Feature record: CXX_FEATURE:1cxx_generalized_initializers
    Feature record: CXX_FEATURE:1cxx_generic_lambdas
    Feature record: CXX_FEATURE:1cxx_inheriting_constructors
    Feature record: CXX_FEATURE:1cxx_inline_namespaces
    Feature record: CXX_FEATURE:1cxx_lambdas
    Feature record: CXX_FEATURE:1cxx_lambda_init_captures
    Feature record: CXX_FEATURE:1cxx_local_type_template_args
    Feature record: CXX_FEATURE:1cxx_long_long_type
    Feature record: CXX_FEATURE:1cxx_noexcept
    Feature record: CXX_FEATURE:1cxx_nonstatic_member_init
    Feature record: CXX_FEATURE:1cxx_nullptr
    Feature record: CXX_FEATURE:1cxx_override
    Feature record: CXX_FEATURE:1cxx_range_for
    Feature record: CXX_FEATURE:1cxx_raw_string_literals
    Feature record: CXX_FEATURE:1cxx_reference_qualified_functions
    Feature record: CXX_FEATURE:1cxx_relaxed_constexpr
    Feature record: CXX_FEATURE:1cxx_return_type_deduction
    Feature record: CXX_FEATURE:1cxx_right_angle_brackets
    Feature record: CXX_FEATURE:1cxx_rvalue_references
    Feature record: CXX_FEATURE:1cxx_sizeof_member
    Feature record: CXX_FEATURE:1cxx_static_assert
    Feature record: CXX_FEATURE:1cxx_strong_enums
    Feature record: CXX_FEATURE:1cxx_template_template_parameters
    Feature record: CXX_FEATURE:1cxx_thread_local
    Feature record: CXX_FEATURE:1cxx_trailing_return_types
    Feature record: CXX_FEATURE:1cxx_unicode_literals
    Feature record: CXX_FEATURE:1cxx_uniform_initialization
    Feature record: CXX_FEATURE:1cxx_unrestricted_unions
    Feature record: CXX_FEATURE:1cxx_user_literals
    Feature record: CXX_FEATURE:1cxx_variable_templates
    Feature record: CXX_FEATURE:1cxx_variadic_macros
    Feature record: CXX_FEATURE:1cxx_variadic_templates


Detecting CXX [-std=c++11] compiler features compiled with the following output:
Change Dir: /home/cc/cs184/sp19/class/cs184-aci/freeglut-3.0.0/CMakeFiles/CMakeTmp

Run Build Command:"/usr/bin/make" "cmTC_e7969/fast"
/usr/bin/make -f CMakeFiles/cmTC_e7969.dir/build.make CMakeFiles/cmTC_e7969.dir/build
make[1]: Entering directory '/home/cc/cs184/sp19/class/cs184-aci/freeglut-3.0.0/CMakeFiles/CMakeTmp'
Building CXX object CMakeFiles/cmTC_e7969.dir/feature_tests.cxx.o
/usr/bin/c++     -std=c++11 -o CMakeFiles/cmTC_e7969.dir/feature_tests.cxx.o -c /home/cc/cs184/sp19/class/cs184-aci/freeglut-3.0.0/CMakeFiles/feature_tests.cxx
Linking CXX executable cmTC_e7969
/usr/bin/cmake -E cmake_link_script CMakeFiles/cmTC_e7969.dir/link.txt --verbose=1
/usr/bin/c++        CMakeFiles/cmTC_e7969.dir/feature_tests.cxx.o  -o cmTC_e7969 -rdynamic 
make[1]: Leaving directory '/home/cc/cs184/sp19/class/cs184-aci/freeglut-3.0.0/CMakeFiles/CMakeTmp'


    Feature record: CXX_FEATURE:0cxx_aggregate_default_initializers
    Feature record: CXX_FEATURE:1cxx_alias_templates
    Feature record: CXX_FEATURE:1cxx_alignas
    Feature record: CXX_FEATURE:1cxx_alignof
    Feature record: CXX_FEATURE:1cxx_attributes
    Feature record: CXX_FEATURE:0cxx_attribute_deprecated
    Feature record: CXX_FEATURE:1cxx_auto_type
    Feature record: CXX_FEATURE:0cxx_binary_literals
    Feature record: CXX_FEATURE:1cxx_constexpr
    Feature record: CXX_FEATURE:0cxx_contextual_conversions
    Feature record: CXX_FEATURE:1cxx_decltype
    Feature record: CXX_FEATURE:0cxx_decltype_auto
    Feature record: CXX_FEATURE:1cxx_decltype_incomplete_return_types
    Feature record: CXX_FEATURE:1cxx_default_function_template_args
    Feature record: CXX_FEATURE:1cxx_defaulted_functions
    Feature record: CXX_FEATURE:1cxx_defaulted_move_initializers
    Feature record: CXX_FEATURE:1cxx_delegating_constructors
    Feature record: CXX_FEATURE:1cxx_deleted_functions
    Feature record: CXX_FEATURE:0cxx_digit_separators
    Feature record: CXX_FEATURE:1cxx_enum_forward_declarations
    Feature record: CXX_FEATURE:1cxx_explicit_conversions
    Feature record: CXX_FEATURE:1cxx_extended_friend_declarations
    Feature record: CXX_FEATURE:1cxx_extern_templates
    Feature record: CXX_FEATURE:1cxx_final
    Feature record: CXX_FEATURE:1cxx_func_identifier
    Feature record: CXX_FEATURE:1cxx_generalized_initializers
    Feature record: CXX_FEATURE:0cxx_generic_lambdas
    Feature record: CXX_FEATURE:1cxx_inheriting_constructors
    Feature record: CXX_FEATURE:1cxx_inline_namespaces
    Feature record: CXX_FEATURE:1cxx_lambdas
    Feature record: CXX_FEATURE:0cxx_lambda_init_captures
    Feature record: CXX_FEATURE:1cxx_local_type_template_args
    Feature record: CXX_FEATURE:1cxx_long_long_type
    Feature record: CXX_FEATURE:1cxx_noexcept
    Feature record: CXX_FEATURE:1cxx_nonstatic_member_init
    Feature record: CXX_FEATURE:1cxx_nullptr
    Feature record: CXX_FEATURE:1cxx_override
    Feature record: CXX_FEATURE:1cxx_range_for
    Feature record: CXX_FEATURE:1cxx_raw_string_literals
    Feature record: CXX_FEATURE:1cxx_reference_qualified_functions
    Feature record: CXX_FEATURE:0cxx_relaxed_constexpr
    Feature record: CXX_FEATURE:0cxx_return_type_deduction
    Feature record: CXX_FEATURE:1cxx_right_angle_brackets
    Feature record: CXX_FEATURE:1cxx_rvalue_references
    Feature record: CXX_FEATURE:1cxx_sizeof_member
    Feature record: CXX_FEATURE:1cxx_static_assert
    Feature record: CXX_FEATURE:1cxx_strong_enums
    Feature record: CXX_FEATURE:1cxx_template_template_parameters
    Feature record: CXX_FEATURE:1cxx_thread_local
    Feature record: CXX_FEATURE:1cxx_trailing_return_types
    Feature record: CXX_FEATURE:1cxx_unicode_literals
    Feature record: CXX_FEATURE:1cxx_uniform_initialization
    Feature record: CXX_FEATURE:1cxx_unrestricted_unions
    Feature record: CXX_FEATURE:1cxx_user_literals
    Feature record: CXX_FEATURE:0cxx_variable_templates
    Feature record: CXX_FEATURE:1cxx_variadic_macros
    Feature record: CXX_FEATURE:1cxx_variadic_templates


Detecting CXX [-std=c++98] compiler features compiled with the following output:
Change Dir: /home/cc/cs184/sp19/class/cs184-aci/freeglut-3.0.0/CMakeFiles/CMakeTmp

Run Build Command:"/usr/bin/make" "cmTC_0d881/fast"
/usr/bin/make -f CMakeFiles/cmTC_0d881.dir/build.make CMakeFiles/cmTC_0d881.dir/build
make[1]: Entering directory '/home/cc/cs184/sp19/class/cs184-aci/freeglut-3.0.0/CMakeFiles/CMakeTmp'
Building CXX object CMakeFiles/cmTC_0d881.dir/feature_tests.cxx.o
/usr/bin/c++     -std=c++98 -o CMakeFiles/cmTC_0d881.dir/feature_tests.cxx.o -c /home/cc/cs184/sp19/class/cs184-aci/freeglut-3.0.0/CMakeFiles/feature_tests.cxx
Linking CXX executable cmTC_0d881
/usr/bin/cmake -E cmake_link_script CMakeFiles/cmTC_0d881.dir/link.txt --verbose=1
/usr/bin/c++        CMakeFiles/cmTC_0d881.dir/feature_tests.cxx.o  -o cmTC_0d881 -rdynamic 
make[1]: Leaving directory '/home/cc/cs184/sp19/class/cs184-aci/freeglut-3.0.0/CMakeFiles/CMakeTmp'


    Feature record: CXX_FEATURE:0cxx_aggregate_default_initializers
    Feature record: CXX_FEATURE:0cxx_alias_templates
    Feature record: CXX_FEATURE:0cxx_alignas
    Feature record: CXX_FEATURE:0cxx_alignof
    Feature record: CXX_FEATURE:0cxx_attributes
    Feature record: CXX_FEATURE:0cxx_attribute_deprecated
    Feature record: CXX_FEATURE:0cxx_auto_type
    Feature record: CXX_FEATURE:0cxx_binary_literals
    Feature record: CXX_FEATURE:0cxx_constexpr
    Feature record: CXX_FEATURE:0cxx_contextual_conversions
    Feature record: CXX_FEATURE:0cxx_decltype
    Feature record: CXX_FEATURE:0cxx_decltype_auto
    Feature record: CXX_FEATURE:0cxx_decltype_incomplete_return_types
    Feature record: CXX_FEATURE:0cxx_default_function_template_args
    Feature record: CXX_FEATURE:0cxx_defaulted_functions
    Feature record: CXX_FEATURE:0cxx_defaulted_move_initializers
    Feature record: CXX_FEATURE:0cxx_delegating_constructors
    Feature record: CXX_FEATURE:0cxx_deleted_functions
    Feature record: CXX_FEATURE:0cxx_digit_separators
    Feature record: CXX_FEATURE:0cxx_enum_forward_declarations
    Feature record: CXX_FEATURE:0cxx_explicit_conversions
    Feature record: CXX_FEATURE:0cxx_extended_friend_declarations
    Feature record: CXX_FEATURE:0cxx_extern_templates
    Feature record: CXX_FEATURE:0cxx_final
    Feature record: CXX_FEATURE:0cxx_func_identifier
    Feature record: CXX_FEATURE:0cxx_generalized_initializers
    Feature record: CXX_FEATURE:0cxx_generic_lambdas
    Feature record: CXX_FEATURE:0cxx_inheriting_constructors
    Feature record: CXX_FEATURE:0cxx_inline_namespaces
    Feature record: CXX_FEATURE:0cxx_lambdas
    Feature record: CXX_FEATURE:0cxx_lambda_init_captures
    Feature record: CXX_FEATURE:0cxx_local_type_template_args
    Feature record: CXX_FEATURE:0cxx_long_long_type
    Feature record: CXX_FEATURE:0cxx_noexcept
    Feature record: CXX_FEATURE:0cxx_nonstatic_member_init
    Feature record: CXX_FEATURE:0cxx_nullptr
    Feature record: CXX_FEATURE:0cxx_override
    Feature record: CXX_FEATURE:0cxx_range_for
    Feature record: CXX_FEATURE:0cxx_raw_string_literals
    Feature record: CXX_FEATURE:0cxx_reference_qualified_functions
    Feature record: CXX_FEATURE:0cxx_relaxed_constexpr
    Feature record: CXX_FEATURE:0cxx_return_type_deduction
    Feature record: CXX_FEATURE:0cxx_right_angle_brackets
    Feature record: CXX_FEATURE:0cxx_rvalue_references
    Feature record: CXX_FEATURE:0cxx_sizeof_member
    Feature record: CXX_FEATURE:0cxx_static_assert
    Feature record: CXX_FEATURE:0cxx_strong_enums
    Feature record: CXX_FEATURE:1cxx_template_template_parameters
    Feature record: CXX_FEATURE:0cxx_thread_local
    Feature record: CXX_FEATURE:0cxx_trailing_return_types
    Feature record: CXX_FEATURE:0cxx_unicode_literals
    Feature record: CXX_FEATURE:0cxx_uniform_initialization
    Feature record: CXX_FEATURE:0cxx_unrestricted_unions
    Feature record: CXX_FEATURE:0cxx_user_literals
    Feature record: CXX_FEATURE:0cxx_variable_templates
    Feature record: CXX_FEATURE:0cxx_variadic_macros
    Feature record: CXX_FEATURE:0cxx_variadic_templates
Determining if the function XOpenDisplay exists in the /usr/lib/x86_64-linux-gnu/libX11.so;/usr/lib/x86_64-linux-gnu/libXext.so passed with the following output:
Change Dir: /home/cc/cs184/sp19/class/cs184-aci/freeglut-3.0.0/CMakeFiles/CMakeTmp

Run Build Command:"/usr/bin/make" "cmTC_18cfe/fast"
/usr/bin/make -f CMakeFiles/cmTC_18cfe.dir/build.make CMakeFiles/cmTC_18cfe.dir/build
make[1]: Entering directory '/home/cc/cs184/sp19/class/cs184-aci/freeglut-3.0.0/CMakeFiles/CMakeTmp'
Building C object CMakeFiles/cmTC_18cfe.dir/CheckFunctionExists.c.o
/usr/bin/cc    -Wall -pedantic -DCHECK_FUNCTION_EXISTS=XOpenDisplay   -o CMakeFiles/cmTC_18cfe.dir/CheckFunctionExists.c.o   -c /usr/share/cmake-3.5/Modules/CheckFunctionExists.c
Linking C executable cmTC_18cfe
/usr/bin/cmake -E cmake_link_script CMakeFiles/cmTC_18cfe.dir/link.txt --verbose=1
/usr/bin/cc   -Wall -pedantic -DCHECK_FUNCTION_EXISTS=XOpenDisplay    CMakeFiles/cmTC_18cfe.dir/CheckFunctionExists.c.o  -o cmTC_18cfe -rdynamic /usr/lib/x86_64-linux-gnu/libX11.so /usr/lib/x86_64-linux-gnu/libXext.so -lm 
make[1]: Leaving directory '/home/cc/cs184/sp19/class/cs184-aci/freeglut-3.0.0/CMakeFiles/CMakeTmp'


Determining if the function gethostbyname exists passed with the following output:
Change Dir: /home/cc/cs184/sp19/class/cs184-aci/freeglut-3.0.0/CMakeFiles/CMakeTmp

Run Build Command:"/usr/bin/make" "cmTC_b7f12/fast"
/usr/bin/make -f CMakeFiles/cmTC_b7f12.dir/build.make CMakeFiles/cmTC_b7f12.dir/build
make[1]: Entering directory '/home/cc/cs184/sp19/class/cs184-aci/freeglut-3.0.0/CMakeFiles/CMakeTmp'
Building C object CMakeFiles/cmTC_b7f12.dir/CheckFunctionExists.c.o
/usr/bin/cc    -Wall -pedantic -DCHECK_FUNCTION_EXISTS=gethostbyname   -o CMakeFiles/cmTC_b7f12.dir/CheckFunctionExists.c.o   -c /usr/share/cmake-3.5/Modules/CheckFunctionExists.c
Linking C executable cmTC_b7f12
/usr/bin/cmake -E cmake_link_script CMakeFiles/cmTC_b7f12.dir/link.txt --verbose=1
/usr/bin/cc   -Wall -pedantic -DCHECK_FUNCTION_EXISTS=gethostbyname    CMakeFiles/cmTC_b7f12.dir/CheckFunctionExists.c.o  -o cmTC_b7f12 -rdynamic -lm 
make[1]: Leaving directory '/home/cc/cs184/sp19/class/cs184-aci/freeglut-3.0.0/CMakeFiles/CMakeTmp'


Determining if the function connect exists passed with the following output:
Change Dir: /home/cc/cs184/sp19/class/cs184-aci/freeglut-3.0.0/CMakeFiles/CMakeTmp

Run Build Command:"/usr/bin/make" "cmTC_0c623/fast"
/usr/bin/make -f CMakeFiles/cmTC_0c623.dir/build.make CMakeFiles/cmTC_0c623.dir/build
make[1]: Entering directory '/home/cc/cs184/sp19/class/cs184-aci/freeglut-3.0.0/CMakeFiles/CMakeTmp'
Building C object CMakeFiles/cmTC_0c623.dir/CheckFunctionExists.c.o
/usr/bin/cc    -Wall -pedantic -DCHECK_FUNCTION_EXISTS=connect   -o CMakeFiles/cmTC_0c623.dir/CheckFunctionExists.c.o   -c /usr/share/cmake-3.5/Modules/CheckFunctionExists.c
Linking C executable cmTC_0c623
/usr/bin/cmake -E cmake_link_script CMakeFiles/cmTC_0c623.dir/link.txt --verbose=1
/usr/bin/cc   -Wall -pedantic -DCHECK_FUNCTION_EXISTS=connect    CMakeFiles/cmTC_0c623.dir/CheckFunctionExists.c.o  -o cmTC_0c623 -rdynamic -lm 
make[1]: Leaving directory '/home/cc/cs184/sp19/class/cs184-aci/freeglut-3.0.0/CMakeFiles/CMakeTmp'


Determining if the function remove exists passed with the following output:
Change Dir: /home/cc/cs184/sp19/class/cs184-aci/freeglut-3.0.0/CMakeFiles/CMakeTmp

Run Build Command:"/usr/bin/make" "cmTC_bc342/fast"
/usr/bin/make -f CMakeFiles/cmTC_bc342.dir/build.make CMakeFiles/cmTC_bc342.dir/build
make[1]: Entering directory '/home/cc/cs184/sp19/class/cs184-aci/freeglut-3.0.0/CMakeFiles/CMakeTmp'
Building C object CMakeFiles/cmTC_bc342.dir/CheckFunctionExists.c.o
/usr/bin/cc    -Wall -pedantic -DCHECK_FUNCTION_EXISTS=remove   -o CMakeFiles/cmTC_bc342.dir/CheckFunctionExists.c.o   -c /usr/share/cmake-3.5/Modules/CheckFunctionExists.c
Linking C executable cmTC_bc342
/usr/bin/cmake -E cmake_link_script CMakeFiles/cmTC_bc342.dir/link.txt --verbose=1
/usr/bin/cc   -Wall -pedantic -DCHECK_FUNCTION_EXISTS=remove    CMakeFiles/cmTC_bc342.dir/CheckFunctionExists.c.o  -o cmTC_bc342 -rdynamic -lm 
make[1]: Leaving directory '/home/cc/cs184/sp19/class/cs184-aci/freeglut-3.0.0/CMakeFiles/CMakeTmp'


Determining if the function shmat exists passed with the following output:
Change Dir: /home/cc/cs184/sp19/class/cs184-aci/freeglut-3.0.0/CMakeFiles/CMakeTmp

Run Build Command:"/usr/bin/make" "cmTC_8f26f/fast"
/usr/bin/make -f CMakeFiles/cmTC_8f26f.dir/build.make CMakeFiles/cmTC_8f26f.dir/build
make[1]: Entering directory '/home/cc/cs184/sp19/class/cs184-aci/freeglut-3.0.0/CMakeFiles/CMakeTmp'
Building C object CMakeFiles/cmTC_8f26f.dir/CheckFunctionExists.c.o
/usr/bin/cc    -Wall -pedantic -DCHECK_FUNCTION_EXISTS=shmat   -o CMakeFiles/cmTC_8f26f.dir/CheckFunctionExists.c.o   -c /usr/share/cmake-3.5/Modules/CheckFunctionExists.c
Linking C executable cmTC_8f26f
/usr/bin/cmake -E cmake_link_script CMakeFiles/cmTC_8f26f.dir/link.txt --verbose=1
/usr/bin/cc   -Wall -pedantic -DCHECK_FUNCTION_EXISTS=shmat    CMakeFiles/cmTC_8f26f.dir/CheckFunctionExists.c.o  -o cmTC_8f26f -rdynamic -lm 
make[1]: Leaving directory '/home/cc/cs184/sp19/class/cs184-aci/freeglut-3.0.0/CMakeFiles/CMakeTmp'


Determining if the function IceConnectionNumber exists in the ICE passed with the following output:
Change Dir: /home/cc/cs184/sp19/class/cs184-aci/freeglut-3.0.0/CMakeFiles/CMakeTmp

Run Build Command:"/usr/bin/make" "cmTC_bc516/fast"
/usr/bin/make -f CMakeFiles/cmTC_bc516.dir/build.make CMakeFiles/cmTC_bc516.dir/build
make[1]: Entering directory '/home/cc/cs184/sp19/class/cs184-aci/freeglut-3.0.0/CMakeFiles/CMakeTmp'
Building C object CMakeFiles/cmTC_bc516.dir/CheckFunctionExists.c.o
/usr/bin/cc    -Wall -pedantic -DCHECK_FUNCTION_EXISTS=IceConnectionNumber   -o CMakeFiles/cmTC_bc516.dir/CheckFunctionExists.c.o   -c /usr/share/cmake-3.5/Modules/CheckFunctionExists.c
Linking C executable cmTC_bc516
/usr/bin/cmake -E cmake_link_script CMakeFiles/cmTC_bc516.dir/link.txt --verbose=1
/usr/bin/cc   -Wall -pedantic -DCHECK_FUNCTION_EXISTS=IceConnectionNumber    CMakeFiles/cmTC_bc516.dir/CheckFunctionExists.c.o  -o cmTC_bc516 -rdynamic -lICE -lm 
make[1]: Leaving directory '/home/cc/cs184/sp19/class/cs184-aci/freeglut-3.0.0/CMakeFiles/CMakeTmp'


Determining if files /usr/include/X11/extensions/XInput2.h exist passed with the following output:
Change Dir: /home/cc/cs184/sp19/class/cs184-aci/freeglut-3.0.0/CMakeFiles/CMakeTmp

Run Build Command:"/usr/bin/make" "cmTC_6a039/fast"
/usr/bin/make -f CMakeFiles/cmTC_6a039.dir/build.make CMakeFiles/cmTC_6a039.dir/build
make[1]: Entering directory '/home/cc/cs184/sp19/class/cs184-aci/freeglut-3.0.0/CMakeFiles/CMakeTmp'
Building C object CMakeFiles/cmTC_6a039.dir/CheckIncludeFiles.c.o
/usr/bin/cc    -Wall -pedantic    -o CMakeFiles/cmTC_6a039.dir/CheckIncludeFiles.c.o   -c /home/cc/cs184/sp19/class/cs184-aci/freeglut-3.0.0/CMakeFiles/CMakeTmp/CheckIncludeFiles.c
Linking C executable cmTC_6a039
/usr/bin/cmake -E cmake_link_script CMakeFiles/cmTC_6a039.dir/link.txt --verbose=1
/usr/bin/cc   -Wall -pedantic     CMakeFiles/cmTC_6a039.dir/CheckIncludeFiles.c.o  -o cmTC_6a039 -rdynamic 
make[1]: Leaving directory '/home/cc/cs184/sp19/class/cs184-aci/freeglut-3.0.0/CMakeFiles/CMakeTmp'


Determining if files sys/types.h exist passed with the following output:
Change Dir: /home/cc/cs184/sp19/class/cs184-aci/freeglut-3.0.0/CMakeFiles/CMakeTmp

Run Build Command:"/usr/bin/make" "cmTC_b5dad/fast"
/usr/bin/make -f CMakeFiles/cmTC_b5dad.dir/build.make CMakeFiles/cmTC_b5dad.dir/build
make[1]: Entering directory '/home/cc/cs184/sp19/class/cs184-aci/freeglut-3.0.0/CMakeFiles/CMakeTmp'
Building C object CMakeFiles/cmTC_b5dad.dir/CheckIncludeFiles.c.o
/usr/bin/cc    -Wall -pedantic    -o CMakeFiles/cmTC_b5dad.dir/CheckIncludeFiles.c.o   -c /home/cc/cs184/sp19/class/cs184-aci/freeglut-3.0.0/CMakeFiles/CMakeTmp/CheckIncludeFiles.c
Linking C executable cmTC_b5dad
/usr/bin/cmake -E cmake_link_script CMakeFiles/cmTC_b5dad.dir/link.txt --verbose=1
/usr/bin/cc   -Wall -pedantic     CMakeFiles/cmTC_b5dad.dir/CheckIncludeFiles.c.o  -o cmTC_b5dad -rdynamic 
make[1]: Leaving directory '/home/cc/cs184/sp19/class/cs184-aci/freeglut-3.0.0/CMakeFiles/CMakeTmp'


Determining if files unistd.h exist passed with the following output:
Change Dir: /home/cc/cs184/sp19/class/cs184-aci/freeglut-3.0.0/CMakeFiles/CMakeTmp

Run Build Command:"/usr/bin/make" "cmTC_e5c56/fast"
/usr/bin/make -f CMakeFiles/cmTC_e5c56.dir/build.make CMakeFiles/cmTC_e5c56.dir/build
make[1]: Entering directory '/home/cc/cs184/sp19/class/cs184-aci/freeglut-3.0.0/CMakeFiles/CMakeTmp'
Building C object CMakeFiles/cmTC_e5c56.dir/CheckIncludeFiles.c.o
/usr/bin/cc    -Wall -pedantic    -o CMakeFiles/cmTC_e5c56.dir/CheckIncludeFiles.c.o   -c /home/cc/cs184/sp19/class/cs184-aci/freeglut-3.0.0/CMakeFiles/CMakeTmp/CheckIncludeFiles.c
Linking C executable cmTC_e5c56
/usr/bin/cmake -E cmake_link_script CMakeFiles/cmTC_e5c56.dir/link.txt --verbose=1
/usr/bin/cc   -Wall -pedantic     CMakeFiles/cmTC_e5c56.dir/CheckIncludeFiles.c.o  -o cmTC_e5c56 -rdynamic 
make[1]: Leaving directory '/home/cc/cs184/sp19/class/cs184-aci/freeglut-3.0.0/CMakeFiles/CMakeTmp'


Determining if files sys/time.h exist passed with the following output:
Change Dir: /home/cc/cs184/sp19/class/cs184-aci/freeglut-3.0.0/CMakeFiles/CMakeTmp

Run Build Command:"/usr/bin/make" "cmTC_d078c/fast"
/usr/bin/make -f CMakeFiles/cmTC_d078c.dir/build.make CMakeFiles/cmTC_d078c.dir/build
make[1]: Entering directory '/home/cc/cs184/sp19/class/cs184-aci/freeglut-3.0.0/CMakeFiles/CMakeTmp'
Building C object CMakeFiles/cmTC_d078c.dir/CheckIncludeFiles.c.o
/usr/bin/cc    -Wall -pedantic    -o CMakeFiles/cmTC_d078c.dir/CheckIncludeFiles.c.o   -c /home/cc/cs184/sp19/class/cs184-aci/freeglut-3.0.0/CMakeFiles/CMakeTmp/CheckIncludeFiles.c
Linking C executable cmTC_d078c
/usr/bin/cmake -E cmake_link_script CMakeFiles/cmTC_d078c.dir/link.txt --verbose=1
/usr/bin/cc   -Wall -pedantic     CMakeFiles/cmTC_d078c.dir/CheckIncludeFiles.c.o  -o cmTC_d078c -rdynamic 
make[1]: Leaving directory '/home/cc/cs184/sp19/class/cs184-aci/freeglut-3.0.0/CMakeFiles/CMakeTmp'


Determining if files stdbool.h exist passed with the following output:
Change Dir: /home/cc/cs184/sp19/class/cs184-aci/freeglut-3.0.0/CMakeFiles/CMakeTmp

Run Build Command:"/usr/bin/make" "cmTC_16039/fast"
/usr/bin/make -f CMakeFiles/cmTC_16039.dir/build.make CMakeFiles/cmTC_16039.dir/build
make[1]: Entering directory '/home/cc/cs184/sp19/class/cs184-aci/freeglut-3.0.0/CMakeFiles/CMakeTmp'
Building C object CMakeFiles/cmTC_16039.dir/CheckIncludeFiles.c.o
/usr/bin/cc    -Wall -pedantic    -o CMakeFiles/cmTC_16039.dir/CheckIncludeFiles.c.o   -c /home/cc/cs184/sp19/class/cs184-aci/freeglut-3.0.0/CMakeFiles/CMakeTmp/CheckIncludeFiles.c
Linking C executable cmTC_16039
/usr/bin/cmake -E cmake_link_script CMakeFiles/cmTC_16039.dir/link.txt --verbose=1
/usr/bin/cc   -Wall -pedantic     CMakeFiles/cmTC_16039.dir/CheckIncludeFiles.c.o  -o cmTC_16039 -rdynamic 
make[1]: Leaving directory '/home/cc/cs184/sp19/class/cs184-aci/freeglut-3.0.0/CMakeFiles/CMakeTmp'


Determining if files sys/param.h exist passed with the following output:
Change Dir: /home/cc/cs184/sp19/class/cs184-aci/freeglut-3.0.0/CMakeFiles/CMakeTmp

Run Build Command:"/usr/bin/make" "cmTC_e359b/fast"
/usr/bin/make -f CMakeFiles/cmTC_e359b.dir/build.make CMakeFiles/cmTC_e359b.dir/build
make[1]: Entering directory '/home/cc/cs184/sp19/class/cs184-aci/freeglut-3.0.0/CMakeFiles/CMakeTmp'
Building C object CMakeFiles/cmTC_e359b.dir/CheckIncludeFiles.c.o
/usr/bin/cc    -Wall -pedantic    -o CMakeFiles/cmTC_e359b.dir/CheckIncludeFiles.c.o   -c /home/cc/cs184/sp19/class/cs184-aci/freeglut-3.0.0/CMakeFiles/CMakeTmp/CheckIncludeFiles.c
Linking C executable cmTC_e359b
/usr/bin/cmake -E cmake_link_script CMakeFiles/cmTC_e359b.dir/link.txt --verbose=1
/usr/bin/cc   -Wall -pedantic     CMakeFiles/cmTC_e359b.dir/CheckIncludeFiles.c.o  -o cmTC_e359b -rdynamic 
make[1]: Leaving directory '/home/cc/cs184/sp19/class/cs184-aci/freeglut-3.0.0/CMakeFiles/CMakeTmp'


Determining if files sys/ioctl.h exist passed with the following output:
Change Dir: /home/cc/cs184/sp19/class/cs184-aci/freeglut-3.0.0/CMakeFiles/CMakeTmp

Run Build Command:"/usr/bin/make" "cmTC_0a243/fast"
/usr/bin/make -f CMakeFiles/cmTC_0a243.dir/build.make CMakeFiles/cmTC_0a243.dir/build
make[1]: Entering directory '/home/cc/cs184/sp19/class/cs184-aci/freeglut-3.0.0/CMakeFiles/CMakeTmp'
Building C object CMakeFiles/cmTC_0a243.dir/CheckIncludeFiles.c.o
/usr/bin/cc    -Wall -pedantic    -o CMakeFiles/cmTC_0a243.dir/CheckIncludeFiles.c.o   -c /home/cc/cs184/sp19/class/cs184-aci/freeglut-3.0.0/CMakeFiles/CMakeTmp/CheckIncludeFiles.c
Linking C executable cmTC_0a243
/usr/bin/cmake -E cmake_link_script CMakeFiles/cmTC_0a243.dir/link.txt --verbose=1
/usr/bin/cc   -Wall -pedantic     CMakeFiles/cmTC_0a243.dir/CheckIncludeFiles.c.o  -o cmTC_0a243 -rdynamic 
make[1]: Leaving directory '/home/cc/cs184/sp19/class/cs184-aci/freeglut-3.0.0/CMakeFiles/CMakeTmp'


Determining if files fcntl.h exist passed with the following output:
Change Dir: /home/cc/cs184/sp19/class/cs184-aci/freeglut-3.0.0/CMakeFiles/CMakeTmp

Run Build Command:"/usr/bin/make" "cmTC_4f4a9/fast"
/usr/bin/make -f CMakeFiles/cmTC_4f4a9.dir/build.make CMakeFiles/cmTC_4f4a9.dir/build
make[1]: Entering directory '/home/cc/cs184/sp19/class/cs184-aci/freeglut-3.0.0/CMakeFiles/CMakeTmp'
Building C object CMakeFiles/cmTC_4f4a9.dir/CheckIncludeFiles.c.o
/usr/bin/cc    -Wall -pedantic    -o CMakeFiles/cmTC_4f4a9.dir/CheckIncludeFiles.c.o   -c /home/cc/cs184/sp19/class/cs184-aci/freeglut-3.0.0/CMakeFiles/CMakeTmp/CheckIncludeFiles.c
Linking C executable cmTC_4f4a9
/usr/bin/cmake -E cmake_link_script CMakeFiles/cmTC_4f4a9.dir/link.txt --verbose=1
/usr/bin/cc   -Wall -pedantic     CMakeFiles/cmTC_4f4a9.dir/CheckIncludeFiles.c.o  -o cmTC_4f4a9 -rdynamic 
make[1]: Leaving directory '/home/cc/cs184/sp19/class/cs184-aci/freeglut-3.0.0/CMakeFiles/CMakeTmp'


Determining if the function gettimeofday exists passed with the following output:
Change Dir: /home/cc/cs184/sp19/class/cs184-aci/freeglut-3.0.0/CMakeFiles/CMakeTmp

Run Build Command:"/usr/bin/make" "cmTC_19e0a/fast"
/usr/bin/make -f CMakeFiles/cmTC_19e0a.dir/build.make CMakeFiles/cmTC_19e0a.dir/build
make[1]: Entering directory '/home/cc/cs184/sp19/class/cs184-aci/freeglut-3.0.0/CMakeFiles/CMakeTmp'
Building C object CMakeFiles/cmTC_19e0a.dir/CheckFunctionExists.c.o
/usr/bin/cc    -Wall -pedantic -DCHECK_FUNCTION_EXISTS=gettimeofday   -o CMakeFiles/cmTC_19e0a.dir/CheckFunctionExists.c.o   -c /usr/share/cmake-3.5/Modules/CheckFunctionExists.c
Linking C executable cmTC_19e0a
/usr/bin/cmake -E cmake_link_script CMakeFiles/cmTC_19e0a.dir/link.txt --verbose=1
/usr/bin/cc   -Wall -pedantic -DCHECK_FUNCTION_EXISTS=gettimeofday    CMakeFiles/cmTC_19e0a.dir/CheckFunctionExists.c.o  -o cmTC_19e0a -rdynamic -lm 
make[1]: Leaving directory '/home/cc/cs184/sp19/class/cs184-aci/freeglut-3.0.0/CMakeFiles/CMakeTmp'


Determining if files stdint.h exist passed with the following output:
Change Dir: /home/cc/cs184/sp19/class/cs184-aci/freeglut-3.0.0/CMakeFiles/CMakeTmp

Run Build Command:"/usr/bin/make" "cmTC_33e17/fast"
/usr/bin/make -f CMakeFiles/cmTC_33e17.dir/build.make CMakeFiles/cmTC_33e17.dir/build
make[1]: Entering directory '/home/cc/cs184/sp19/class/cs184-aci/freeglut-3.0.0/CMakeFiles/CMakeTmp'
Building C object CMakeFiles/cmTC_33e17.dir/CheckIncludeFiles.c.o
/usr/bin/cc    -Wall -pedantic    -o CMakeFiles/cmTC_33e17.dir/CheckIncludeFiles.c.o   -c /home/cc/cs184/sp19/class/cs184-aci/freeglut-3.0.0/CMakeFiles/CMakeTmp/CheckIncludeFiles.c
Linking C executable cmTC_33e17
/usr/bin/cmake -E cmake_link_script CMakeFiles/cmTC_33e17.dir/link.txt --verbose=1
/usr/bin/cc   -Wall -pedantic     CMakeFiles/cmTC_33e17.dir/CheckIncludeFiles.c.o  -o cmTC_33e17 -rdynamic 
make[1]: Leaving directory '/home/cc/cs184/sp19/class/cs184-aci/freeglut-3.0.0/CMakeFiles/CMakeTmp'


Determining if files inttypes.h exist passed with the following output:
Change Dir: /home/cc/cs184/sp19/class/cs184-aci/freeglut-3.0.0/CMakeFiles/CMakeTmp

Run Build Command:"/usr/bin/make" "cmTC_327e8/fast"
/usr/bin/make -f CMakeFiles/cmTC_327e8.dir/build.make CMakeFiles/cmTC_327e8.dir/build
make[1]: Entering directory '/home/cc/cs184/sp19/class/cs184-aci/freeglut-3.0.0/CMakeFiles/CMakeTmp'
Building C object CMakeFiles/cmTC_327e8.dir/CheckIncludeFiles.c.o
/usr/bin/cc    -Wall -pedantic    -o CMakeFiles/cmTC_327e8.dir/CheckIncludeFiles.c.o   -c /home/cc/cs184/sp19/class/cs184-aci/freeglut-3.0.0/CMakeFiles/CMakeTmp/CheckIncludeFiles.c
Linking C executable cmTC_327e8
/usr/bin/cmake -E cmake_link_script CMakeFiles/cmTC_327e8.dir/link.txt --verbose=1
/usr/bin/cc   -Wall -pedantic     CMakeFiles/cmTC_327e8.dir/CheckIncludeFiles.c.o  -o cmTC_327e8 -rdynamic 
make[1]: Leaving directory '/home/cc/cs184/sp19/class/cs184-aci/freeglut-3.0.0/CMakeFiles/CMakeTmp'


